<?xml version="1.0" encoding="UTF-8"?>
<robot generator="Robot 4.1.2 (Python 3.9.7 on win32)" generated="20211016 13:33:35.197" rpa="false" schemaversion="2">
<suite id="s1" name="Test" source="C:\qaninja\robot\hello\test.robot">
<test id="s1-t1" name="Deve retornar mensagem de boas vindas">
<kw name="Welcome" library="app">
<var>${result}</var>
<arg>Rodrigo</arg>
<msg timestamp="20211016 13:33:35.257" level="INFO">${result} = Olá Rodrigo, Bem vindo ao Curso básico de Robot Framework!</msg>
<status status="PASS" starttime="20211016 13:33:35.256" endtime="20211016 13:33:35.257"/>
</kw>
<kw name="Should Be Equal" library="BuiltIn">
<arg>${result}</arg>
<arg>Olá Rodrigo, Bem vindo ao Curso básico de Robot Framework!</arg>
<doc>Fails if the given objects are unequal.</doc>
<status status="PASS" starttime="20211016 13:33:35.257" endtime="20211016 13:33:35.259"/>
</kw>
<status status="PASS" starttime="20211016 13:33:35.255" endtime="20211016 13:33:35.259"/>
</test>
<status status="PASS" starttime="20211016 13:33:35.200" endtime="20211016 13:33:35.261"/>
</suite>
<statistics>
<total>
<stat pass="1" fail="0" skip="0">All Tests</stat>
</total>
<tag>
</tag>
<suite>
<stat pass="1" fail="0" skip="0" id="s1" name="Test">Test</stat>
</suite>
</statistics>
<errors>
</errors>
</robot>
