<?xml version="1.0" encoding="UTF-8"?>
<robot generator="Robot 4.1.2 (Python 3.9.7 on win32)" generated="20220105 16:03:42.148" rpa="false" schemaversion="2">
<suite id="s1" name="Checkbox" source="C:\qaninja\robot\hello\web\tests\checkbox.robot">
<test id="s1-t1" name="Marcando opção com Id">
<kw name="Nova sessão" library="base" type="SETUP">
<kw name="Open Browser" library="SeleniumLibrary">
<arg>${url}</arg>
<arg>chrome</arg>
<doc>Opens a new browser instance to the optional ``url``.</doc>
<msg timestamp="20220105 16:03:42.921" level="INFO">Opening browser 'chrome' to base url 'https://training-wheels-protocol.herokuapp.com/'.</msg>
<kw name="Capture Page Screenshot" library="SeleniumLibrary">
<doc>Takes a screenshot of the current page and embeds it into a log file.</doc>
<msg timestamp="20220105 16:03:49.500" level="INFO">Cannot capture screenshot because no browser is open.</msg>
<status status="PASS" starttime="20220105 16:03:49.500" endtime="20220105 16:03:49.501"/>
</kw>
<msg timestamp="20220105 16:03:49.631" level="FAIL">SessionNotCreatedException: Message: session not created: This version of ChromeDriver only supports Chrome version 94
Current browser version is 96.0.4664.110 with binary path C:\Program Files\Google\Chrome\Application\chrome.exe
Stacktrace:
Backtrace:
	Ordinal0 [0x008CBDE3+2473443]
	Ordinal0 [0x00866661+2057825]
	Ordinal0 [0x00772438+1057848]
	Ordinal0 [0x0079054A+1181002]
	Ordinal0 [0x0078C435+1164341]
	Ordinal0 [0x00789CAF+1154223]
	Ordinal0 [0x007B9ADF+1350367]
	Ordinal0 [0x007B974A+1349450]
	Ordinal0 [0x007B55AB+1332651]
	Ordinal0 [0x00792104+1188100]
	Ordinal0 [0x00792F59+1191769]
	GetHandleVerifier [0x00A52266+1549718]
	GetHandleVerifier [0x00AFD4A7+2250711]
	GetHandleVerifier [0x0095718B+521403]
	GetHandleVerifier [0x00956229+517465]
	Ordinal0 [0x0086B79D+2078621]
	Ordinal0 [0x0086FB58+2095960]
	Ordinal0 [0x0086FC92+2096274]
	Ordinal0 [0x00879541+2135361]
	BaseThreadInitThunk [0x770FFA29+25]
	RtlGetAppContainerNamedObjectPath [0x77277A9E+286]
	RtlGetAppContainerNamedObjectPath [0x77277A6E+238]
</msg>
<status status="FAIL" starttime="20220105 16:03:42.920" endtime="20220105 16:03:49.631"/>
</kw>
<status status="FAIL" starttime="20220105 16:03:42.919" endtime="20220105 16:03:49.632"/>
</kw>
<kw name="Encerra sessão" library="base" type="TEARDOWN">
<kw name="Capture Page Screenshot" library="SeleniumLibrary">
<doc>Takes a screenshot of the current page and embeds it into a log file.</doc>
<msg timestamp="20220105 16:03:49.635" level="INFO">Cannot capture screenshot because no browser is open.</msg>
<status status="PASS" starttime="20220105 16:03:49.635" endtime="20220105 16:03:49.635"/>
</kw>
<kw name="Close Browser" library="SeleniumLibrary">
<doc>Closes the current browser.</doc>
<status status="PASS" starttime="20220105 16:03:49.635" endtime="20220105 16:03:49.635"/>
</kw>
<status status="PASS" starttime="20220105 16:03:49.634" endtime="20220105 16:03:49.636"/>
</kw>
<status status="FAIL" starttime="20220105 16:03:42.917" endtime="20220105 16:03:49.636">Setup failed:
SessionNotCreatedException: Message: session not created: This version of ChromeDriver only supports Chrome version 94
Current browser version is 96.0.4664.110 with binary path C:\Program Files\Google\Chrome\Application\chrome.exe
Stacktrace:
Backtrace:
	Ordinal0 [0x008CBDE3+2473443]
	Ordinal0 [0x00866661+2057825]
	Ordinal0 [0x00772438+1057848]
	Ordinal0 [0x0079054A+1181002]
	Ordinal0 [0x0078C435+1164341]
	Ordinal0 [0x00789CAF+1154223]
	Ordinal0 [0x007B9ADF+1350367]
	Ordinal0 [0x007B974A+1349450]
	Ordinal0 [0x007B55AB+1332651]
	Ordinal0 [0x00792104+1188100]
	Ordinal0 [0x00792F59+1191769]
	GetHandleVerifier [0x00A52266+1549718]
	GetHandleVerifier [0x00AFD4A7+2250711]
	GetHandleVerifier [0x0095718B+521403]
	GetHandleVerifier [0x00956229+517465]
	Ordinal0 [0x0086B79D+2078621]
	Ordinal0 [0x0086FB58+2095960]
	Ordinal0 [0x0086FC92+2096274]
	Ordinal0 [0x00879541+2135361]
	BaseThreadInitThunk [0x770FFA29+25]
	RtlGetAppContainerNamedObjectPath [0x77277A9E+286]
	RtlGetAppContainerNamedObjectPath [0x77277A6E+238]
</status>
</test>
<test id="s1-t2" name="Marcando opção com CSS">
<kw name="Nova sessão" library="base" type="SETUP">
<kw name="Open Browser" library="SeleniumLibrary">
<arg>${url}</arg>
<arg>chrome</arg>
<doc>Opens a new browser instance to the optional ``url``.</doc>
<msg timestamp="20220105 16:03:49.644" level="INFO">Opening browser 'chrome' to base url 'https://training-wheels-protocol.herokuapp.com/'.</msg>
<kw name="Capture Page Screenshot" library="SeleniumLibrary">
<doc>Takes a screenshot of the current page and embeds it into a log file.</doc>
<msg timestamp="20220105 16:03:53.875" level="INFO">Cannot capture screenshot because no browser is open.</msg>
<status status="PASS" starttime="20220105 16:03:53.874" endtime="20220105 16:03:53.875"/>
</kw>
<msg timestamp="20220105 16:03:53.879" level="FAIL">SessionNotCreatedException: Message: session not created: This version of ChromeDriver only supports Chrome version 94
Current browser version is 96.0.4664.110 with binary path C:\Program Files\Google\Chrome\Application\chrome.exe
Stacktrace:
Backtrace:
	Ordinal0 [0x008CBDE3+2473443]
	Ordinal0 [0x00866661+2057825]
	Ordinal0 [0x00772438+1057848]
	Ordinal0 [0x0079054A+1181002]
	Ordinal0 [0x0078C435+1164341]
	Ordinal0 [0x00789CAF+1154223]
	Ordinal0 [0x007B9ADF+1350367]
	Ordinal0 [0x007B974A+1349450]
	Ordinal0 [0x007B55AB+1332651]
	Ordinal0 [0x00792104+1188100]
	Ordinal0 [0x00792F59+1191769]
	GetHandleVerifier [0x00A52266+1549718]
	GetHandleVerifier [0x00AFD4A7+2250711]
	GetHandleVerifier [0x0095718B+521403]
	GetHandleVerifier [0x00956229+517465]
	Ordinal0 [0x0086B79D+2078621]
	Ordinal0 [0x0086FB58+2095960]
	Ordinal0 [0x0086FC92+2096274]
	Ordinal0 [0x00879541+2135361]
	BaseThreadInitThunk [0x770FFA29+25]
	RtlGetAppContainerNamedObjectPath [0x77277A9E+286]
	RtlGetAppContainerNamedObjectPath [0x77277A6E+238]
</msg>
<status status="FAIL" starttime="20220105 16:03:49.643" endtime="20220105 16:03:53.879"/>
</kw>
<status status="FAIL" starttime="20220105 16:03:49.642" endtime="20220105 16:03:53.881"/>
</kw>
<kw name="Encerra sessão" library="base" type="TEARDOWN">
<kw name="Capture Page Screenshot" library="SeleniumLibrary">
<doc>Takes a screenshot of the current page and embeds it into a log file.</doc>
<msg timestamp="20220105 16:03:53.884" level="INFO">Cannot capture screenshot because no browser is open.</msg>
<status status="PASS" starttime="20220105 16:03:53.883" endtime="20220105 16:03:53.885"/>
</kw>
<kw name="Close Browser" library="SeleniumLibrary">
<doc>Closes the current browser.</doc>
<status status="PASS" starttime="20220105 16:03:53.885" endtime="20220105 16:03:53.885"/>
</kw>
<status status="PASS" starttime="20220105 16:03:53.882" endtime="20220105 16:03:53.886"/>
</kw>
<status status="FAIL" starttime="20220105 16:03:49.641" endtime="20220105 16:03:53.886">Setup failed:
SessionNotCreatedException: Message: session not created: This version of ChromeDriver only supports Chrome version 94
Current browser version is 96.0.4664.110 with binary path C:\Program Files\Google\Chrome\Application\chrome.exe
Stacktrace:
Backtrace:
	Ordinal0 [0x008CBDE3+2473443]
	Ordinal0 [0x00866661+2057825]
	Ordinal0 [0x00772438+1057848]
	Ordinal0 [0x0079054A+1181002]
	Ordinal0 [0x0078C435+1164341]
	Ordinal0 [0x00789CAF+1154223]
	Ordinal0 [0x007B9ADF+1350367]
	Ordinal0 [0x007B974A+1349450]
	Ordinal0 [0x007B55AB+1332651]
	Ordinal0 [0x00792104+1188100]
	Ordinal0 [0x00792F59+1191769]
	GetHandleVerifier [0x00A52266+1549718]
	GetHandleVerifier [0x00AFD4A7+2250711]
	GetHandleVerifier [0x0095718B+521403]
	GetHandleVerifier [0x00956229+517465]
	Ordinal0 [0x0086B79D+2078621]
	Ordinal0 [0x0086FB58+2095960]
	Ordinal0 [0x0086FC92+2096274]
	Ordinal0 [0x00879541+2135361]
	BaseThreadInitThunk [0x770FFA29+25]
	RtlGetAppContainerNamedObjectPath [0x77277A9E+286]
	RtlGetAppContainerNamedObjectPath [0x77277A6E+238]
</status>
</test>
<test id="s1-t3" name="Marcando opção com Xpath">
<kw name="Nova sessão" library="base" type="SETUP">
<kw name="Open Browser" library="SeleniumLibrary">
<arg>${url}</arg>
<arg>chrome</arg>
<doc>Opens a new browser instance to the optional ``url``.</doc>
<msg timestamp="20220105 16:03:53.906" level="INFO">Opening browser 'chrome' to base url 'https://training-wheels-protocol.herokuapp.com/'.</msg>
<kw name="Capture Page Screenshot" library="SeleniumLibrary">
<doc>Takes a screenshot of the current page and embeds it into a log file.</doc>
<msg timestamp="20220105 16:03:58.432" level="INFO">Cannot capture screenshot because no browser is open.</msg>
<status status="PASS" starttime="20220105 16:03:58.432" endtime="20220105 16:03:58.433"/>
</kw>
<msg timestamp="20220105 16:03:58.437" level="FAIL">SessionNotCreatedException: Message: session not created: This version of ChromeDriver only supports Chrome version 94
Current browser version is 96.0.4664.110 with binary path C:\Program Files\Google\Chrome\Application\chrome.exe
Stacktrace:
Backtrace:
	Ordinal0 [0x008CBDE3+2473443]
	Ordinal0 [0x00866661+2057825]
	Ordinal0 [0x00772438+1057848]
	Ordinal0 [0x0079054A+1181002]
	Ordinal0 [0x0078C435+1164341]
	Ordinal0 [0x00789CAF+1154223]
	Ordinal0 [0x007B9ADF+1350367]
	Ordinal0 [0x007B974A+1349450]
	Ordinal0 [0x007B55AB+1332651]
	Ordinal0 [0x00792104+1188100]
	Ordinal0 [0x00792F59+1191769]
	GetHandleVerifier [0x00A52266+1549718]
	GetHandleVerifier [0x00AFD4A7+2250711]
	GetHandleVerifier [0x0095718B+521403]
	GetHandleVerifier [0x00956229+517465]
	Ordinal0 [0x0086B79D+2078621]
	Ordinal0 [0x0086FB58+2095960]
	Ordinal0 [0x0086FC92+2096274]
	Ordinal0 [0x00879541+2135361]
	BaseThreadInitThunk [0x770FFA29+25]
	RtlGetAppContainerNamedObjectPath [0x77277A9E+286]
	RtlGetAppContainerNamedObjectPath [0x77277A6E+238]
</msg>
<status status="FAIL" starttime="20220105 16:03:53.905" endtime="20220105 16:03:58.437"/>
</kw>
<status status="FAIL" starttime="20220105 16:03:53.904" endtime="20220105 16:03:58.439"/>
</kw>
<kw name="Encerra sessão" library="base" type="TEARDOWN">
<kw name="Capture Page Screenshot" library="SeleniumLibrary">
<doc>Takes a screenshot of the current page and embeds it into a log file.</doc>
<msg timestamp="20220105 16:03:58.441" level="INFO">Cannot capture screenshot because no browser is open.</msg>
<status status="PASS" starttime="20220105 16:03:58.441" endtime="20220105 16:03:58.441"/>
</kw>
<kw name="Close Browser" library="SeleniumLibrary">
<doc>Closes the current browser.</doc>
<status status="PASS" starttime="20220105 16:03:58.442" endtime="20220105 16:03:58.442"/>
</kw>
<status status="PASS" starttime="20220105 16:03:58.440" endtime="20220105 16:03:58.442"/>
</kw>
<tag>ironman</tag>
<status status="FAIL" starttime="20220105 16:03:53.903" endtime="20220105 16:03:58.443">Setup failed:
SessionNotCreatedException: Message: session not created: This version of ChromeDriver only supports Chrome version 94
Current browser version is 96.0.4664.110 with binary path C:\Program Files\Google\Chrome\Application\chrome.exe
Stacktrace:
Backtrace:
	Ordinal0 [0x008CBDE3+2473443]
	Ordinal0 [0x00866661+2057825]
	Ordinal0 [0x00772438+1057848]
	Ordinal0 [0x0079054A+1181002]
	Ordinal0 [0x0078C435+1164341]
	Ordinal0 [0x00789CAF+1154223]
	Ordinal0 [0x007B9ADF+1350367]
	Ordinal0 [0x007B974A+1349450]
	Ordinal0 [0x007B55AB+1332651]
	Ordinal0 [0x00792104+1188100]
	Ordinal0 [0x00792F59+1191769]
	GetHandleVerifier [0x00A52266+1549718]
	GetHandleVerifier [0x00AFD4A7+2250711]
	GetHandleVerifier [0x0095718B+521403]
	GetHandleVerifier [0x00956229+517465]
	Ordinal0 [0x0086B79D+2078621]
	Ordinal0 [0x0086FB58+2095960]
	Ordinal0 [0x0086FC92+2096274]
	Ordinal0 [0x00879541+2135361]
	BaseThreadInitThunk [0x770FFA29+25]
	RtlGetAppContainerNamedObjectPath [0x77277A9E+286]
	RtlGetAppContainerNamedObjectPath [0x77277A6E+238]
</status>
</test>
<status status="FAIL" starttime="20220105 16:03:42.152" endtime="20220105 16:03:58.461"/>
</suite>
<statistics>
<total>
<stat pass="0" fail="3" skip="0">All Tests</stat>
</total>
<tag>
<stat pass="0" fail="1" skip="0">ironman</stat>
</tag>
<suite>
<stat pass="0" fail="3" skip="0" id="s1" name="Checkbox">Checkbox</stat>
</suite>
</statistics>
<errors>
</errors>
</robot>
